【DEBUG】【21-10-16】【org.apache.ibatis.logging.LogFactory】Logging initialized using 'class org.apache.ibatis.logging.log4j.Log4jImpl' adapter.
【DEBUG】【21-10-16】【org.apache.ibatis.logging.LogFactory】Logging initialized using 'class org.apache.ibatis.logging.log4j.Log4jImpl' adapter.
【DEBUG】【21-10-16】【org.apache.ibatis.datasource.pooled.PooledDataSource】PooledDataSource forcefully closed/removed all connections.
【DEBUG】【21-10-16】【org.apache.ibatis.datasource.pooled.PooledDataSource】PooledDataSource forcefully closed/removed all connections.
【DEBUG】【21-10-16】【org.apache.ibatis.datasource.pooled.PooledDataSource】PooledDataSource forcefully closed/removed all connections.
【DEBUG】【21-10-16】【org.apache.ibatis.datasource.pooled.PooledDataSource】PooledDataSource forcefully closed/removed all connections.
【DEBUG】【21-10-16】【org.apache.ibatis.logging.LogFactory】Logging initialized using 'class org.apache.ibatis.logging.log4j.Log4jImpl' adapter.
【DEBUG】【21-10-16】【org.apache.ibatis.logging.LogFactory】Logging initialized using 'class org.apache.ibatis.logging.log4j.Log4jImpl' adapter.
【DEBUG】【21-10-16】【org.apache.ibatis.datasource.pooled.PooledDataSource】PooledDataSource forcefully closed/removed all connections.
【DEBUG】【21-10-16】【org.apache.ibatis.datasource.pooled.PooledDataSource】PooledDataSource forcefully closed/removed all connections.
【DEBUG】【21-10-16】【org.apache.ibatis.datasource.pooled.PooledDataSource】PooledDataSource forcefully closed/removed all connections.
【DEBUG】【21-10-16】【org.apache.ibatis.datasource.pooled.PooledDataSource】PooledDataSource forcefully closed/removed all connections.
【DEBUG】【21-10-16】【org.apache.ibatis.logging.LogFactory】Logging initialized using 'class org.apache.ibatis.logging.log4j.Log4jImpl' adapter.
【DEBUG】【21-10-16】【org.apache.ibatis.logging.LogFactory】Logging initialized using 'class org.apache.ibatis.logging.log4j.Log4jImpl' adapter.
【DEBUG】【21-10-16】【org.apache.ibatis.datasource.pooled.PooledDataSource】PooledDataSource forcefully closed/removed all connections.
【DEBUG】【21-10-16】【org.apache.ibatis.datasource.pooled.PooledDataSource】PooledDataSource forcefully closed/removed all connections.
【DEBUG】【21-10-16】【org.apache.ibatis.datasource.pooled.PooledDataSource】PooledDataSource forcefully closed/removed all connections.
【DEBUG】【21-10-16】【org.apache.ibatis.datasource.pooled.PooledDataSource】PooledDataSource forcefully closed/removed all connections.
【DEBUG】【21-10-16】【org.apache.ibatis.logging.LogFactory】Logging initialized using 'class org.apache.ibatis.logging.log4j.Log4jImpl' adapter.
【DEBUG】【21-10-16】【org.apache.ibatis.logging.LogFactory】Logging initialized using 'class org.apache.ibatis.logging.log4j.Log4jImpl' adapter.
【DEBUG】【21-10-16】【org.apache.ibatis.datasource.pooled.PooledDataSource】PooledDataSource forcefully closed/removed all connections.
【DEBUG】【21-10-16】【org.apache.ibatis.datasource.pooled.PooledDataSource】PooledDataSource forcefully closed/removed all connections.
【DEBUG】【21-10-16】【org.apache.ibatis.datasource.pooled.PooledDataSource】PooledDataSource forcefully closed/removed all connections.
【DEBUG】【21-10-16】【org.apache.ibatis.datasource.pooled.PooledDataSource】PooledDataSource forcefully closed/removed all connections.
【DEBUG】【21-10-16】【org.apache.ibatis.transaction.jdbc.JdbcTransaction】Opening JDBC Connection
【DEBUG】【21-10-16】【org.apache.ibatis.datasource.pooled.PooledDataSource】Created connection 1684792003.
【DEBUG】【21-10-16】【org.apache.ibatis.transaction.jdbc.JdbcTransaction】Setting autocommit to false on JDBC Connection [com.mysql.cj.jdbc.ConnectionImpl@646be2c3]
【DEBUG】【21-10-16】【com.hanzhiwei.dao.TeacherMapper.getTeacher】==>  Preparing: select * from mybatis.teacher where id=?
【DEBUG】【21-10-16】【com.hanzhiwei.dao.TeacherMapper.getTeacher】==> Parameters: 1(Integer)
【DEBUG】【21-10-16】【com.hanzhiwei.dao.TeacherMapper.getTeacher】<==      Total: 1
【DEBUG】【21-10-16】【org.apache.ibatis.logging.LogFactory】Logging initialized using 'class org.apache.ibatis.logging.log4j.Log4jImpl' adapter.
【DEBUG】【21-10-16】【org.apache.ibatis.logging.LogFactory】Logging initialized using 'class org.apache.ibatis.logging.log4j.Log4jImpl' adapter.
【DEBUG】【21-10-16】【org.apache.ibatis.datasource.pooled.PooledDataSource】PooledDataSource forcefully closed/removed all connections.
【DEBUG】【21-10-16】【org.apache.ibatis.datasource.pooled.PooledDataSource】PooledDataSource forcefully closed/removed all connections.
【DEBUG】【21-10-16】【org.apache.ibatis.datasource.pooled.PooledDataSource】PooledDataSource forcefully closed/removed all connections.
【DEBUG】【21-10-16】【org.apache.ibatis.datasource.pooled.PooledDataSource】PooledDataSource forcefully closed/removed all connections.
【DEBUG】【21-10-16】【org.apache.ibatis.transaction.jdbc.JdbcTransaction】Opening JDBC Connection
【DEBUG】【21-10-16】【org.apache.ibatis.datasource.pooled.PooledDataSource】Created connection 1684792003.
【DEBUG】【21-10-16】【org.apache.ibatis.transaction.jdbc.JdbcTransaction】Setting autocommit to false on JDBC Connection [com.mysql.cj.jdbc.ConnectionImpl@646be2c3]
【DEBUG】【21-10-16】【com.hanzhiwei.dao.TeacherMapper.getTeacher】==>  Preparing: select * from mybatis.teacher where id=?
【DEBUG】【21-10-16】【com.hanzhiwei.dao.TeacherMapper.getTeacher】==> Parameters: 1(Integer)
【DEBUG】【21-10-16】【com.hanzhiwei.dao.TeacherMapper.getTeacher】<==      Total: 1
【DEBUG】【21-10-16】【org.apache.ibatis.transaction.jdbc.JdbcTransaction】Resetting autocommit to true on JDBC Connection [com.mysql.cj.jdbc.ConnectionImpl@646be2c3]
【DEBUG】【21-10-16】【org.apache.ibatis.transaction.jdbc.JdbcTransaction】Closing JDBC Connection [com.mysql.cj.jdbc.ConnectionImpl@646be2c3]
【DEBUG】【21-10-16】【org.apache.ibatis.datasource.pooled.PooledDataSource】Returned connection 1684792003 to pool.
【DEBUG】【21-10-16】【org.apache.ibatis.logging.LogFactory】Logging initialized using 'class org.apache.ibatis.logging.log4j.Log4jImpl' adapter.
【DEBUG】【21-10-16】【org.apache.ibatis.logging.LogFactory】Logging initialized using 'class org.apache.ibatis.logging.log4j.Log4jImpl' adapter.
【DEBUG】【21-10-16】【org.apache.ibatis.datasource.pooled.PooledDataSource】PooledDataSource forcefully closed/removed all connections.
【DEBUG】【21-10-16】【org.apache.ibatis.datasource.pooled.PooledDataSource】PooledDataSource forcefully closed/removed all connections.
【DEBUG】【21-10-16】【org.apache.ibatis.datasource.pooled.PooledDataSource】PooledDataSource forcefully closed/removed all connections.
【DEBUG】【21-10-16】【org.apache.ibatis.datasource.pooled.PooledDataSource】PooledDataSource forcefully closed/removed all connections.
【DEBUG】【21-10-16】【org.apache.ibatis.transaction.jdbc.JdbcTransaction】Opening JDBC Connection
【DEBUG】【21-10-16】【org.apache.ibatis.datasource.pooled.PooledDataSource】Created connection 1027591600.
【DEBUG】【21-10-16】【org.apache.ibatis.transaction.jdbc.JdbcTransaction】Setting autocommit to false on JDBC Connection [com.mysql.cj.jdbc.ConnectionImpl@3d3fcdb0]
【DEBUG】【21-10-16】【com.hanzhiwei.dao.TeacherMapper.getTeacher】==>  Preparing: select * from mybatis.teacher
【DEBUG】【21-10-16】【com.hanzhiwei.dao.TeacherMapper.getTeacher】==> Parameters: 
【DEBUG】【21-10-16】【com.hanzhiwei.dao.TeacherMapper.getTeacher】<==      Total: 1
【DEBUG】【21-10-16】【org.apache.ibatis.transaction.jdbc.JdbcTransaction】Resetting autocommit to true on JDBC Connection [com.mysql.cj.jdbc.ConnectionImpl@3d3fcdb0]
【DEBUG】【21-10-16】【org.apache.ibatis.transaction.jdbc.JdbcTransaction】Closing JDBC Connection [com.mysql.cj.jdbc.ConnectionImpl@3d3fcdb0]
【DEBUG】【21-10-16】【org.apache.ibatis.datasource.pooled.PooledDataSource】Returned connection 1027591600 to pool.
【DEBUG】【21-10-16】【org.apache.ibatis.logging.LogFactory】Logging initialized using 'class org.apache.ibatis.logging.log4j.Log4jImpl' adapter.
【DEBUG】【21-10-16】【org.apache.ibatis.logging.LogFactory】Logging initialized using 'class org.apache.ibatis.logging.log4j.Log4jImpl' adapter.
【DEBUG】【21-10-16】【org.apache.ibatis.datasource.pooled.PooledDataSource】PooledDataSource forcefully closed/removed all connections.
【DEBUG】【21-10-16】【org.apache.ibatis.datasource.pooled.PooledDataSource】PooledDataSource forcefully closed/removed all connections.
【DEBUG】【21-10-16】【org.apache.ibatis.datasource.pooled.PooledDataSource】PooledDataSource forcefully closed/removed all connections.
【DEBUG】【21-10-16】【org.apache.ibatis.datasource.pooled.PooledDataSource】PooledDataSource forcefully closed/removed all connections.
【DEBUG】【21-10-16】【org.apache.ibatis.transaction.jdbc.JdbcTransaction】Opening JDBC Connection
【DEBUG】【21-10-16】【org.apache.ibatis.datasource.pooled.PooledDataSource】Created connection 1027591600.
【DEBUG】【21-10-16】【org.apache.ibatis.transaction.jdbc.JdbcTransaction】Setting autocommit to false on JDBC Connection [com.mysql.cj.jdbc.ConnectionImpl@3d3fcdb0]
【DEBUG】【21-10-16】【com.hanzhiwei.dao.TeacherMapper.getTeacher】==>  Preparing: select * from mybatis.teacher
【DEBUG】【21-10-16】【com.hanzhiwei.dao.TeacherMapper.getTeacher】==> Parameters: 
【DEBUG】【21-10-16】【com.hanzhiwei.dao.TeacherMapper.getTeacher】<==      Total: 1
【DEBUG】【21-10-16】【org.apache.ibatis.transaction.jdbc.JdbcTransaction】Resetting autocommit to true on JDBC Connection [com.mysql.cj.jdbc.ConnectionImpl@3d3fcdb0]
【DEBUG】【21-10-16】【org.apache.ibatis.transaction.jdbc.JdbcTransaction】Closing JDBC Connection [com.mysql.cj.jdbc.ConnectionImpl@3d3fcdb0]
【DEBUG】【21-10-16】【org.apache.ibatis.datasource.pooled.PooledDataSource】Returned connection 1027591600 to pool.
【DEBUG】【21-10-16】【org.apache.ibatis.logging.LogFactory】Logging initialized using 'class org.apache.ibatis.logging.log4j.Log4jImpl' adapter.
【DEBUG】【21-10-16】【org.apache.ibatis.logging.LogFactory】Logging initialized using 'class org.apache.ibatis.logging.log4j.Log4jImpl' adapter.
【DEBUG】【21-10-16】【org.apache.ibatis.datasource.pooled.PooledDataSource】PooledDataSource forcefully closed/removed all connections.
【DEBUG】【21-10-16】【org.apache.ibatis.datasource.pooled.PooledDataSource】PooledDataSource forcefully closed/removed all connections.
【DEBUG】【21-10-16】【org.apache.ibatis.datasource.pooled.PooledDataSource】PooledDataSource forcefully closed/removed all connections.
【DEBUG】【21-10-16】【org.apache.ibatis.datasource.pooled.PooledDataSource】PooledDataSource forcefully closed/removed all connections.
【DEBUG】【21-10-16】【org.apache.ibatis.logging.LogFactory】Logging initialized using 'class org.apache.ibatis.logging.log4j.Log4jImpl' adapter.
【DEBUG】【21-10-16】【org.apache.ibatis.logging.LogFactory】Logging initialized using 'class org.apache.ibatis.logging.log4j.Log4jImpl' adapter.
【DEBUG】【21-10-16】【org.apache.ibatis.datasource.pooled.PooledDataSource】PooledDataSource forcefully closed/removed all connections.
【DEBUG】【21-10-16】【org.apache.ibatis.datasource.pooled.PooledDataSource】PooledDataSource forcefully closed/removed all connections.
【DEBUG】【21-10-16】【org.apache.ibatis.datasource.pooled.PooledDataSource】PooledDataSource forcefully closed/removed all connections.
【DEBUG】【21-10-16】【org.apache.ibatis.datasource.pooled.PooledDataSource】PooledDataSource forcefully closed/removed all connections.
【DEBUG】【21-10-16】【org.apache.ibatis.transaction.jdbc.JdbcTransaction】Opening JDBC Connection
【DEBUG】【21-10-16】【org.apache.ibatis.datasource.pooled.PooledDataSource】Created connection 741669172.
【DEBUG】【21-10-16】【org.apache.ibatis.transaction.jdbc.JdbcTransaction】Setting autocommit to false on JDBC Connection [com.mysql.cj.jdbc.ConnectionImpl@2c34f934]
【DEBUG】【21-10-16】【com.hanzhiwei.dao.StudentMapper.getStudent】==>  Preparing: select * from student
【DEBUG】【21-10-16】【com.hanzhiwei.dao.StudentMapper.getStudent】==> Parameters: 
【DEBUG】【21-10-16】【com.hanzhiwei.dao.StudentMapper.getStudent】<==      Total: 3
【DEBUG】【21-10-16】【org.apache.ibatis.transaction.jdbc.JdbcTransaction】Resetting autocommit to true on JDBC Connection [com.mysql.cj.jdbc.ConnectionImpl@2c34f934]
【DEBUG】【21-10-16】【org.apache.ibatis.transaction.jdbc.JdbcTransaction】Closing JDBC Connection [com.mysql.cj.jdbc.ConnectionImpl@2c34f934]
【DEBUG】【21-10-16】【org.apache.ibatis.datasource.pooled.PooledDataSource】Returned connection 741669172 to pool.
【DEBUG】【21-10-16】【org.apache.ibatis.logging.LogFactory】Logging initialized using 'class org.apache.ibatis.logging.log4j.Log4jImpl' adapter.
【DEBUG】【21-10-16】【org.apache.ibatis.logging.LogFactory】Logging initialized using 'class org.apache.ibatis.logging.log4j.Log4jImpl' adapter.
【DEBUG】【21-10-16】【org.apache.ibatis.datasource.pooled.PooledDataSource】PooledDataSource forcefully closed/removed all connections.
【DEBUG】【21-10-16】【org.apache.ibatis.datasource.pooled.PooledDataSource】PooledDataSource forcefully closed/removed all connections.
【DEBUG】【21-10-16】【org.apache.ibatis.datasource.pooled.PooledDataSource】PooledDataSource forcefully closed/removed all connections.
【DEBUG】【21-10-16】【org.apache.ibatis.datasource.pooled.PooledDataSource】PooledDataSource forcefully closed/removed all connections.
【DEBUG】【21-10-16】【org.apache.ibatis.logging.LogFactory】Logging initialized using 'class org.apache.ibatis.logging.log4j.Log4jImpl' adapter.
【DEBUG】【21-10-16】【org.apache.ibatis.logging.LogFactory】Logging initialized using 'class org.apache.ibatis.logging.log4j.Log4jImpl' adapter.
【DEBUG】【21-10-16】【org.apache.ibatis.datasource.pooled.PooledDataSource】PooledDataSource forcefully closed/removed all connections.
【DEBUG】【21-10-16】【org.apache.ibatis.datasource.pooled.PooledDataSource】PooledDataSource forcefully closed/removed all connections.
【DEBUG】【21-10-16】【org.apache.ibatis.datasource.pooled.PooledDataSource】PooledDataSource forcefully closed/removed all connections.
【DEBUG】【21-10-16】【org.apache.ibatis.datasource.pooled.PooledDataSource】PooledDataSource forcefully closed/removed all connections.
【DEBUG】【21-10-16】【org.apache.ibatis.logging.LogFactory】Logging initialized using 'class org.apache.ibatis.logging.log4j.Log4jImpl' adapter.
【DEBUG】【21-10-16】【org.apache.ibatis.logging.LogFactory】Logging initialized using 'class org.apache.ibatis.logging.log4j.Log4jImpl' adapter.
【DEBUG】【21-10-16】【org.apache.ibatis.datasource.pooled.PooledDataSource】PooledDataSource forcefully closed/removed all connections.
【DEBUG】【21-10-16】【org.apache.ibatis.datasource.pooled.PooledDataSource】PooledDataSource forcefully closed/removed all connections.
【DEBUG】【21-10-16】【org.apache.ibatis.datasource.pooled.PooledDataSource】PooledDataSource forcefully closed/removed all connections.
【DEBUG】【21-10-16】【org.apache.ibatis.datasource.pooled.PooledDataSource】PooledDataSource forcefully closed/removed all connections.
【DEBUG】【21-10-16】【org.apache.ibatis.logging.LogFactory】Logging initialized using 'class org.apache.ibatis.logging.log4j.Log4jImpl' adapter.
【DEBUG】【21-10-16】【org.apache.ibatis.logging.LogFactory】Logging initialized using 'class org.apache.ibatis.logging.log4j.Log4jImpl' adapter.
【DEBUG】【21-10-16】【org.apache.ibatis.datasource.pooled.PooledDataSource】PooledDataSource forcefully closed/removed all connections.
【DEBUG】【21-10-16】【org.apache.ibatis.datasource.pooled.PooledDataSource】PooledDataSource forcefully closed/removed all connections.
【DEBUG】【21-10-16】【org.apache.ibatis.datasource.pooled.PooledDataSource】PooledDataSource forcefully closed/removed all connections.
【DEBUG】【21-10-16】【org.apache.ibatis.datasource.pooled.PooledDataSource】PooledDataSource forcefully closed/removed all connections.
【DEBUG】【21-10-16】【org.apache.ibatis.logging.LogFactory】Logging initialized using 'class org.apache.ibatis.logging.log4j.Log4jImpl' adapter.
【DEBUG】【21-10-16】【org.apache.ibatis.logging.LogFactory】Logging initialized using 'class org.apache.ibatis.logging.log4j.Log4jImpl' adapter.
【DEBUG】【21-10-16】【org.apache.ibatis.datasource.pooled.PooledDataSource】PooledDataSource forcefully closed/removed all connections.
【DEBUG】【21-10-16】【org.apache.ibatis.datasource.pooled.PooledDataSource】PooledDataSource forcefully closed/removed all connections.
【DEBUG】【21-10-16】【org.apache.ibatis.datasource.pooled.PooledDataSource】PooledDataSource forcefully closed/removed all connections.
【DEBUG】【21-10-16】【org.apache.ibatis.datasource.pooled.PooledDataSource】PooledDataSource forcefully closed/removed all connections.
【DEBUG】【21-10-16】【org.apache.ibatis.logging.LogFactory】Logging initialized using 'class org.apache.ibatis.logging.log4j.Log4jImpl' adapter.
【DEBUG】【21-10-16】【org.apache.ibatis.logging.LogFactory】Logging initialized using 'class org.apache.ibatis.logging.log4j.Log4jImpl' adapter.
【DEBUG】【21-10-16】【org.apache.ibatis.datasource.pooled.PooledDataSource】PooledDataSource forcefully closed/removed all connections.
【DEBUG】【21-10-16】【org.apache.ibatis.datasource.pooled.PooledDataSource】PooledDataSource forcefully closed/removed all connections.
【DEBUG】【21-10-16】【org.apache.ibatis.datasource.pooled.PooledDataSource】PooledDataSource forcefully closed/removed all connections.
【DEBUG】【21-10-16】【org.apache.ibatis.datasource.pooled.PooledDataSource】PooledDataSource forcefully closed/removed all connections.
【DEBUG】【21-10-16】【org.apache.ibatis.logging.LogFactory】Logging initialized using 'class org.apache.ibatis.logging.log4j.Log4jImpl' adapter.
【DEBUG】【21-10-16】【org.apache.ibatis.logging.LogFactory】Logging initialized using 'class org.apache.ibatis.logging.log4j.Log4jImpl' adapter.
【DEBUG】【21-10-16】【org.apache.ibatis.datasource.pooled.PooledDataSource】PooledDataSource forcefully closed/removed all connections.
【DEBUG】【21-10-16】【org.apache.ibatis.datasource.pooled.PooledDataSource】PooledDataSource forcefully closed/removed all connections.
【DEBUG】【21-10-16】【org.apache.ibatis.datasource.pooled.PooledDataSource】PooledDataSource forcefully closed/removed all connections.
【DEBUG】【21-10-16】【org.apache.ibatis.datasource.pooled.PooledDataSource】PooledDataSource forcefully closed/removed all connections.
【DEBUG】【21-10-16】【org.apache.ibatis.logging.LogFactory】Logging initialized using 'class org.apache.ibatis.logging.log4j.Log4jImpl' adapter.
【DEBUG】【21-10-16】【org.apache.ibatis.logging.LogFactory】Logging initialized using 'class org.apache.ibatis.logging.log4j.Log4jImpl' adapter.
【DEBUG】【21-10-16】【org.apache.ibatis.datasource.pooled.PooledDataSource】PooledDataSource forcefully closed/removed all connections.
【DEBUG】【21-10-16】【org.apache.ibatis.datasource.pooled.PooledDataSource】PooledDataSource forcefully closed/removed all connections.
【DEBUG】【21-10-16】【org.apache.ibatis.datasource.pooled.PooledDataSource】PooledDataSource forcefully closed/removed all connections.
【DEBUG】【21-10-16】【org.apache.ibatis.datasource.pooled.PooledDataSource】PooledDataSource forcefully closed/removed all connections.
【DEBUG】【21-10-16】【org.apache.ibatis.logging.LogFactory】Logging initialized using 'class org.apache.ibatis.logging.log4j.Log4jImpl' adapter.
【DEBUG】【21-10-16】【org.apache.ibatis.logging.LogFactory】Logging initialized using 'class org.apache.ibatis.logging.log4j.Log4jImpl' adapter.
【DEBUG】【21-10-16】【org.apache.ibatis.datasource.pooled.PooledDataSource】PooledDataSource forcefully closed/removed all connections.
【DEBUG】【21-10-16】【org.apache.ibatis.datasource.pooled.PooledDataSource】PooledDataSource forcefully closed/removed all connections.
【DEBUG】【21-10-16】【org.apache.ibatis.datasource.pooled.PooledDataSource】PooledDataSource forcefully closed/removed all connections.
【DEBUG】【21-10-16】【org.apache.ibatis.datasource.pooled.PooledDataSource】PooledDataSource forcefully closed/removed all connections.
【DEBUG】【21-10-17】【org.apache.ibatis.logging.LogFactory】Logging initialized using 'class org.apache.ibatis.logging.log4j.Log4jImpl' adapter.
【DEBUG】【21-10-17】【org.apache.ibatis.logging.LogFactory】Logging initialized using 'class org.apache.ibatis.logging.log4j.Log4jImpl' adapter.
【DEBUG】【21-10-17】【org.apache.ibatis.datasource.pooled.PooledDataSource】PooledDataSource forcefully closed/removed all connections.
【DEBUG】【21-10-17】【org.apache.ibatis.datasource.pooled.PooledDataSource】PooledDataSource forcefully closed/removed all connections.
【DEBUG】【21-10-17】【org.apache.ibatis.datasource.pooled.PooledDataSource】PooledDataSource forcefully closed/removed all connections.
【DEBUG】【21-10-17】【org.apache.ibatis.datasource.pooled.PooledDataSource】PooledDataSource forcefully closed/removed all connections.
【DEBUG】【21-10-17】【org.apache.ibatis.logging.LogFactory】Logging initialized using 'class org.apache.ibatis.logging.log4j.Log4jImpl' adapter.
【DEBUG】【21-10-17】【org.apache.ibatis.logging.LogFactory】Logging initialized using 'class org.apache.ibatis.logging.log4j.Log4jImpl' adapter.
【DEBUG】【21-10-17】【org.apache.ibatis.datasource.pooled.PooledDataSource】PooledDataSource forcefully closed/removed all connections.
【DEBUG】【21-10-17】【org.apache.ibatis.datasource.pooled.PooledDataSource】PooledDataSource forcefully closed/removed all connections.
【DEBUG】【21-10-17】【org.apache.ibatis.datasource.pooled.PooledDataSource】PooledDataSource forcefully closed/removed all connections.
【DEBUG】【21-10-17】【org.apache.ibatis.datasource.pooled.PooledDataSource】PooledDataSource forcefully closed/removed all connections.
【DEBUG】【21-10-17】【org.apache.ibatis.transaction.jdbc.JdbcTransaction】Opening JDBC Connection
【DEBUG】【21-10-17】【org.apache.ibatis.logging.LogFactory】Logging initialized using 'class org.apache.ibatis.logging.log4j.Log4jImpl' adapter.
【DEBUG】【21-10-17】【org.apache.ibatis.logging.LogFactory】Logging initialized using 'class org.apache.ibatis.logging.log4j.Log4jImpl' adapter.
【DEBUG】【21-10-17】【org.apache.ibatis.datasource.pooled.PooledDataSource】PooledDataSource forcefully closed/removed all connections.
【DEBUG】【21-10-17】【org.apache.ibatis.datasource.pooled.PooledDataSource】PooledDataSource forcefully closed/removed all connections.
【DEBUG】【21-10-17】【org.apache.ibatis.datasource.pooled.PooledDataSource】PooledDataSource forcefully closed/removed all connections.
【DEBUG】【21-10-17】【org.apache.ibatis.datasource.pooled.PooledDataSource】PooledDataSource forcefully closed/removed all connections.
【DEBUG】【21-10-17】【org.apache.ibatis.transaction.jdbc.JdbcTransaction】Opening JDBC Connection
【DEBUG】【21-10-17】【org.apache.ibatis.logging.LogFactory】Logging initialized using 'class org.apache.ibatis.logging.log4j.Log4jImpl' adapter.
【DEBUG】【21-10-17】【org.apache.ibatis.logging.LogFactory】Logging initialized using 'class org.apache.ibatis.logging.log4j.Log4jImpl' adapter.
【DEBUG】【21-10-17】【org.apache.ibatis.datasource.pooled.PooledDataSource】PooledDataSource forcefully closed/removed all connections.
【DEBUG】【21-10-17】【org.apache.ibatis.datasource.pooled.PooledDataSource】PooledDataSource forcefully closed/removed all connections.
【DEBUG】【21-10-17】【org.apache.ibatis.datasource.pooled.PooledDataSource】PooledDataSource forcefully closed/removed all connections.
【DEBUG】【21-10-17】【org.apache.ibatis.datasource.pooled.PooledDataSource】PooledDataSource forcefully closed/removed all connections.
【DEBUG】【21-10-17】【org.apache.ibatis.transaction.jdbc.JdbcTransaction】Opening JDBC Connection
【DEBUG】【21-10-17】【org.apache.ibatis.datasource.pooled.PooledDataSource】Created connection 1593180232.
【DEBUG】【21-10-17】【org.apache.ibatis.transaction.jdbc.JdbcTransaction】Setting autocommit to false on JDBC Connection [com.mysql.cj.jdbc.ConnectionImpl@5ef60048]
【DEBUG】【21-10-17】【com.hanzhiwei.dao.StudentMapper.getStudent】==>  Preparing: select * from student
【DEBUG】【21-10-17】【com.hanzhiwei.dao.StudentMapper.getStudent】==> Parameters: 
【DEBUG】【21-10-17】【com.hanzhiwei.dao.StudentMapper.getTeacher】====>  Preparing: select * from teacher
【DEBUG】【21-10-17】【com.hanzhiwei.dao.StudentMapper.getTeacher】====> Parameters: 
【DEBUG】【21-10-17】【com.hanzhiwei.dao.StudentMapper.getTeacher】<====      Total: 1
【DEBUG】【21-10-17】【com.hanzhiwei.dao.StudentMapper.getStudent】<==      Total: 3
【DEBUG】【21-10-17】【org.apache.ibatis.transaction.jdbc.JdbcTransaction】Resetting autocommit to true on JDBC Connection [com.mysql.cj.jdbc.ConnectionImpl@5ef60048]
【DEBUG】【21-10-17】【org.apache.ibatis.transaction.jdbc.JdbcTransaction】Closing JDBC Connection [com.mysql.cj.jdbc.ConnectionImpl@5ef60048]
【DEBUG】【21-10-17】【org.apache.ibatis.datasource.pooled.PooledDataSource】Returned connection 1593180232 to pool.
【DEBUG】【21-10-17】【org.apache.ibatis.logging.LogFactory】Logging initialized using 'class org.apache.ibatis.logging.log4j.Log4jImpl' adapter.
【DEBUG】【21-10-17】【org.apache.ibatis.logging.LogFactory】Logging initialized using 'class org.apache.ibatis.logging.log4j.Log4jImpl' adapter.
【DEBUG】【21-10-17】【org.apache.ibatis.datasource.pooled.PooledDataSource】PooledDataSource forcefully closed/removed all connections.
【DEBUG】【21-10-17】【org.apache.ibatis.datasource.pooled.PooledDataSource】PooledDataSource forcefully closed/removed all connections.
【DEBUG】【21-10-17】【org.apache.ibatis.datasource.pooled.PooledDataSource】PooledDataSource forcefully closed/removed all connections.
【DEBUG】【21-10-17】【org.apache.ibatis.datasource.pooled.PooledDataSource】PooledDataSource forcefully closed/removed all connections.
【DEBUG】【21-10-17】【org.apache.ibatis.transaction.jdbc.JdbcTransaction】Opening JDBC Connection
【DEBUG】【21-10-17】【org.apache.ibatis.datasource.pooled.PooledDataSource】Created connection 765284253.
【DEBUG】【21-10-17】【org.apache.ibatis.transaction.jdbc.JdbcTransaction】Setting autocommit to false on JDBC Connection [com.mysql.cj.jdbc.ConnectionImpl@2d9d4f9d]
【DEBUG】【21-10-17】【com.hanzhiwei.dao.StudentMapper.getStudent】==>  Preparing: select * from student
【DEBUG】【21-10-17】【com.hanzhiwei.dao.StudentMapper.getStudent】==> Parameters: 
【DEBUG】【21-10-17】【com.hanzhiwei.dao.StudentMapper.getTeacher】====>  Preparing: select * from teacher where id=?
【DEBUG】【21-10-17】【com.hanzhiwei.dao.StudentMapper.getTeacher】====> Parameters: 1(Integer)
【DEBUG】【21-10-17】【com.hanzhiwei.dao.StudentMapper.getTeacher】<====      Total: 1
【DEBUG】【21-10-17】【com.hanzhiwei.dao.StudentMapper.getStudent】<==      Total: 3
【DEBUG】【21-10-17】【org.apache.ibatis.transaction.jdbc.JdbcTransaction】Resetting autocommit to true on JDBC Connection [com.mysql.cj.jdbc.ConnectionImpl@2d9d4f9d]
【DEBUG】【21-10-17】【org.apache.ibatis.transaction.jdbc.JdbcTransaction】Closing JDBC Connection [com.mysql.cj.jdbc.ConnectionImpl@2d9d4f9d]
【DEBUG】【21-10-17】【org.apache.ibatis.datasource.pooled.PooledDataSource】Returned connection 765284253 to pool.
【DEBUG】【21-10-17】【org.apache.ibatis.logging.LogFactory】Logging initialized using 'class org.apache.ibatis.logging.log4j.Log4jImpl' adapter.
【DEBUG】【21-10-17】【org.apache.ibatis.logging.LogFactory】Logging initialized using 'class org.apache.ibatis.logging.log4j.Log4jImpl' adapter.
【DEBUG】【21-10-17】【org.apache.ibatis.datasource.pooled.PooledDataSource】PooledDataSource forcefully closed/removed all connections.
【DEBUG】【21-10-17】【org.apache.ibatis.datasource.pooled.PooledDataSource】PooledDataSource forcefully closed/removed all connections.
【DEBUG】【21-10-17】【org.apache.ibatis.datasource.pooled.PooledDataSource】PooledDataSource forcefully closed/removed all connections.
【DEBUG】【21-10-17】【org.apache.ibatis.datasource.pooled.PooledDataSource】PooledDataSource forcefully closed/removed all connections.
【DEBUG】【21-10-17】【org.apache.ibatis.transaction.jdbc.JdbcTransaction】Opening JDBC Connection
【DEBUG】【21-10-17】【org.apache.ibatis.datasource.pooled.PooledDataSource】Created connection 765284253.
【DEBUG】【21-10-17】【org.apache.ibatis.transaction.jdbc.JdbcTransaction】Setting autocommit to false on JDBC Connection [com.mysql.cj.jdbc.ConnectionImpl@2d9d4f9d]
【DEBUG】【21-10-17】【com.hanzhiwei.dao.StudentMapper.getStudent2】==>  Preparing: select s.id sid,s.name sname,t.name tname,t.id tid from student s,teacher t where s.tid=t.id
【DEBUG】【21-10-17】【com.hanzhiwei.dao.StudentMapper.getStudent2】==> Parameters: 
【DEBUG】【21-10-17】【com.hanzhiwei.dao.StudentMapper.getStudent2】<==      Total: 3
【DEBUG】【21-10-17】【org.apache.ibatis.transaction.jdbc.JdbcTransaction】Resetting autocommit to true on JDBC Connection [com.mysql.cj.jdbc.ConnectionImpl@2d9d4f9d]
【DEBUG】【21-10-17】【org.apache.ibatis.transaction.jdbc.JdbcTransaction】Closing JDBC Connection [com.mysql.cj.jdbc.ConnectionImpl@2d9d4f9d]
【DEBUG】【21-10-17】【org.apache.ibatis.datasource.pooled.PooledDataSource】Returned connection 765284253 to pool.
【DEBUG】【21-10-17】【org.apache.ibatis.logging.LogFactory】Logging initialized using 'class org.apache.ibatis.logging.log4j.Log4jImpl' adapter.
【DEBUG】【21-10-17】【org.apache.ibatis.logging.LogFactory】Logging initialized using 'class org.apache.ibatis.logging.log4j.Log4jImpl' adapter.
【DEBUG】【21-10-17】【org.apache.ibatis.datasource.pooled.PooledDataSource】PooledDataSource forcefully closed/removed all connections.
【DEBUG】【21-10-17】【org.apache.ibatis.datasource.pooled.PooledDataSource】PooledDataSource forcefully closed/removed all connections.
【DEBUG】【21-10-17】【org.apache.ibatis.datasource.pooled.PooledDataSource】PooledDataSource forcefully closed/removed all connections.
【DEBUG】【21-10-17】【org.apache.ibatis.datasource.pooled.PooledDataSource】PooledDataSource forcefully closed/removed all connections.
【DEBUG】【21-10-17】【org.apache.ibatis.transaction.jdbc.JdbcTransaction】Opening JDBC Connection
【DEBUG】【21-10-17】【org.apache.ibatis.datasource.pooled.PooledDataSource】Created connection 765284253.
【DEBUG】【21-10-17】【org.apache.ibatis.transaction.jdbc.JdbcTransaction】Setting autocommit to false on JDBC Connection [com.mysql.cj.jdbc.ConnectionImpl@2d9d4f9d]
【DEBUG】【21-10-17】【com.hanzhiwei.dao.StudentMapper.getStudent】==>  Preparing: select * from student
【DEBUG】【21-10-17】【com.hanzhiwei.dao.StudentMapper.getStudent】==> Parameters: 
【DEBUG】【21-10-17】【com.hanzhiwei.dao.StudentMapper.getTeacher】====>  Preparing: select * from teacher where id=?
【DEBUG】【21-10-17】【com.hanzhiwei.dao.StudentMapper.getTeacher】====> Parameters: 1(Integer)
【DEBUG】【21-10-17】【com.hanzhiwei.dao.StudentMapper.getTeacher】<====      Total: 1
【DEBUG】【21-10-17】【com.hanzhiwei.dao.StudentMapper.getStudent】<==      Total: 3
【DEBUG】【21-10-17】【org.apache.ibatis.transaction.jdbc.JdbcTransaction】Resetting autocommit to true on JDBC Connection [com.mysql.cj.jdbc.ConnectionImpl@2d9d4f9d]
【DEBUG】【21-10-17】【org.apache.ibatis.transaction.jdbc.JdbcTransaction】Closing JDBC Connection [com.mysql.cj.jdbc.ConnectionImpl@2d9d4f9d]
【DEBUG】【21-10-17】【org.apache.ibatis.datasource.pooled.PooledDataSource】Returned connection 765284253 to pool.
【DEBUG】【21-10-17】【org.apache.ibatis.logging.LogFactory】Logging initialized using 'class org.apache.ibatis.logging.log4j.Log4jImpl' adapter.
【DEBUG】【21-10-17】【org.apache.ibatis.logging.LogFactory】Logging initialized using 'class org.apache.ibatis.logging.log4j.Log4jImpl' adapter.
【DEBUG】【21-10-17】【org.apache.ibatis.datasource.pooled.PooledDataSource】PooledDataSource forcefully closed/removed all connections.
【DEBUG】【21-10-17】【org.apache.ibatis.datasource.pooled.PooledDataSource】PooledDataSource forcefully closed/removed all connections.
【DEBUG】【21-10-17】【org.apache.ibatis.datasource.pooled.PooledDataSource】PooledDataSource forcefully closed/removed all connections.
【DEBUG】【21-10-17】【org.apache.ibatis.datasource.pooled.PooledDataSource】PooledDataSource forcefully closed/removed all connections.
【DEBUG】【21-10-17】【org.apache.ibatis.transaction.jdbc.JdbcTransaction】Opening JDBC Connection
【DEBUG】【21-10-17】【org.apache.ibatis.datasource.pooled.PooledDataSource】Created connection 765284253.
【DEBUG】【21-10-17】【org.apache.ibatis.transaction.jdbc.JdbcTransaction】Setting autocommit to false on JDBC Connection [com.mysql.cj.jdbc.ConnectionImpl@2d9d4f9d]
【DEBUG】【21-10-17】【com.hanzhiwei.dao.StudentMapper.getStudent2】==>  Preparing: select s.id sid,s.name sname,t.name tname,t.id tid from student s,teacher t where s.tid=t.id
【DEBUG】【21-10-17】【com.hanzhiwei.dao.StudentMapper.getStudent2】==> Parameters: 
【DEBUG】【21-10-17】【com.hanzhiwei.dao.StudentMapper.getStudent2】<==      Total: 3
【DEBUG】【21-10-17】【org.apache.ibatis.transaction.jdbc.JdbcTransaction】Resetting autocommit to true on JDBC Connection [com.mysql.cj.jdbc.ConnectionImpl@2d9d4f9d]
【DEBUG】【21-10-17】【org.apache.ibatis.transaction.jdbc.JdbcTransaction】Closing JDBC Connection [com.mysql.cj.jdbc.ConnectionImpl@2d9d4f9d]
【DEBUG】【21-10-17】【org.apache.ibatis.datasource.pooled.PooledDataSource】Returned connection 765284253 to pool.
【DEBUG】【21-10-17】【org.apache.ibatis.logging.LogFactory】Logging initialized using 'class org.apache.ibatis.logging.log4j.Log4jImpl' adapter.
【DEBUG】【21-10-17】【org.apache.ibatis.logging.LogFactory】Logging initialized using 'class org.apache.ibatis.logging.log4j.Log4jImpl' adapter.
【DEBUG】【21-10-17】【org.apache.ibatis.datasource.pooled.PooledDataSource】PooledDataSource forcefully closed/removed all connections.
【DEBUG】【21-10-17】【org.apache.ibatis.datasource.pooled.PooledDataSource】PooledDataSource forcefully closed/removed all connections.
【DEBUG】【21-10-17】【org.apache.ibatis.datasource.pooled.PooledDataSource】PooledDataSource forcefully closed/removed all connections.
【DEBUG】【21-10-17】【org.apache.ibatis.datasource.pooled.PooledDataSource】PooledDataSource forcefully closed/removed all connections.
【DEBUG】【21-10-17】【org.apache.ibatis.logging.LogFactory】Logging initialized using 'class org.apache.ibatis.logging.log4j.Log4jImpl' adapter.
【DEBUG】【21-10-17】【org.apache.ibatis.logging.LogFactory】Logging initialized using 'class org.apache.ibatis.logging.log4j.Log4jImpl' adapter.
【DEBUG】【21-10-17】【org.apache.ibatis.datasource.pooled.PooledDataSource】PooledDataSource forcefully closed/removed all connections.
【DEBUG】【21-10-17】【org.apache.ibatis.datasource.pooled.PooledDataSource】PooledDataSource forcefully closed/removed all connections.
【DEBUG】【21-10-17】【org.apache.ibatis.datasource.pooled.PooledDataSource】PooledDataSource forcefully closed/removed all connections.
【DEBUG】【21-10-17】【org.apache.ibatis.datasource.pooled.PooledDataSource】PooledDataSource forcefully closed/removed all connections.
【DEBUG】【21-10-17】【org.apache.ibatis.transaction.jdbc.JdbcTransaction】Opening JDBC Connection
【DEBUG】【21-10-17】【org.apache.ibatis.datasource.pooled.PooledDataSource】Created connection 370475881.
【DEBUG】【21-10-17】【org.apache.ibatis.transaction.jdbc.JdbcTransaction】Setting autocommit to false on JDBC Connection [com.mysql.cj.jdbc.ConnectionImpl@16150369]
【DEBUG】【21-10-17】【com.hanzhiwei.dao.TeacherMapper.getTeacher2】==>  Preparing: select s.id sid,s.name sname,t.name tname,t.id tid from student s,teacher t where s.tid=t.id and id=?
【DEBUG】【21-10-17】【com.hanzhiwei.dao.TeacherMapper.getTeacher2】==> Parameters: 1(Integer)
【DEBUG】【21-10-17】【org.apache.ibatis.logging.LogFactory】Logging initialized using 'class org.apache.ibatis.logging.log4j.Log4jImpl' adapter.
【DEBUG】【21-10-17】【org.apache.ibatis.logging.LogFactory】Logging initialized using 'class org.apache.ibatis.logging.log4j.Log4jImpl' adapter.
【DEBUG】【21-10-17】【org.apache.ibatis.datasource.pooled.PooledDataSource】PooledDataSource forcefully closed/removed all connections.
【DEBUG】【21-10-17】【org.apache.ibatis.datasource.pooled.PooledDataSource】PooledDataSource forcefully closed/removed all connections.
【DEBUG】【21-10-17】【org.apache.ibatis.datasource.pooled.PooledDataSource】PooledDataSource forcefully closed/removed all connections.
【DEBUG】【21-10-17】【org.apache.ibatis.datasource.pooled.PooledDataSource】PooledDataSource forcefully closed/removed all connections.
【DEBUG】【21-10-17】【org.apache.ibatis.transaction.jdbc.JdbcTransaction】Opening JDBC Connection
【DEBUG】【21-10-17】【org.apache.ibatis.datasource.pooled.PooledDataSource】Created connection 1054932644.
【DEBUG】【21-10-17】【org.apache.ibatis.transaction.jdbc.JdbcTransaction】Setting autocommit to false on JDBC Connection [com.mysql.cj.jdbc.ConnectionImpl@3ee0fea4]
【DEBUG】【21-10-17】【com.hanzhiwei.dao.TeacherMapper.getTeacher2】==>  Preparing: select s.id sid,s.name sname,t.name tname,t.id tid from student s,teacher t where s.tid=t.id and id=?
【DEBUG】【21-10-17】【com.hanzhiwei.dao.TeacherMapper.getTeacher2】==> Parameters: 1(Integer)
【DEBUG】【21-10-17】【org.apache.ibatis.logging.LogFactory】Logging initialized using 'class org.apache.ibatis.logging.log4j.Log4jImpl' adapter.
【DEBUG】【21-10-17】【org.apache.ibatis.logging.LogFactory】Logging initialized using 'class org.apache.ibatis.logging.log4j.Log4jImpl' adapter.
【DEBUG】【21-10-17】【org.apache.ibatis.datasource.pooled.PooledDataSource】PooledDataSource forcefully closed/removed all connections.
【DEBUG】【21-10-17】【org.apache.ibatis.datasource.pooled.PooledDataSource】PooledDataSource forcefully closed/removed all connections.
【DEBUG】【21-10-17】【org.apache.ibatis.datasource.pooled.PooledDataSource】PooledDataSource forcefully closed/removed all connections.
【DEBUG】【21-10-17】【org.apache.ibatis.datasource.pooled.PooledDataSource】PooledDataSource forcefully closed/removed all connections.
【DEBUG】【21-10-17】【org.apache.ibatis.transaction.jdbc.JdbcTransaction】Opening JDBC Connection
【DEBUG】【21-10-17】【org.apache.ibatis.datasource.pooled.PooledDataSource】Created connection 1054932644.
【DEBUG】【21-10-17】【org.apache.ibatis.transaction.jdbc.JdbcTransaction】Setting autocommit to false on JDBC Connection [com.mysql.cj.jdbc.ConnectionImpl@3ee0fea4]
【DEBUG】【21-10-17】【com.hanzhiwei.dao.TeacherMapper.getTeacher2】==>  Preparing: select s.id sid,s.name sname,t.name tname,t.id tid from student s,teacher t where s.tid=t.id and t.id=?
【DEBUG】【21-10-17】【com.hanzhiwei.dao.TeacherMapper.getTeacher2】==> Parameters: 1(Integer)
【DEBUG】【21-10-17】【org.apache.ibatis.logging.LogFactory】Logging initialized using 'class org.apache.ibatis.logging.log4j.Log4jImpl' adapter.
【DEBUG】【21-10-17】【org.apache.ibatis.logging.LogFactory】Logging initialized using 'class org.apache.ibatis.logging.log4j.Log4jImpl' adapter.
【DEBUG】【21-10-17】【org.apache.ibatis.datasource.pooled.PooledDataSource】PooledDataSource forcefully closed/removed all connections.
【DEBUG】【21-10-17】【org.apache.ibatis.datasource.pooled.PooledDataSource】PooledDataSource forcefully closed/removed all connections.
【DEBUG】【21-10-17】【org.apache.ibatis.datasource.pooled.PooledDataSource】PooledDataSource forcefully closed/removed all connections.
【DEBUG】【21-10-17】【org.apache.ibatis.datasource.pooled.PooledDataSource】PooledDataSource forcefully closed/removed all connections.
【DEBUG】【21-10-17】【org.apache.ibatis.transaction.jdbc.JdbcTransaction】Opening JDBC Connection
【DEBUG】【21-10-17】【org.apache.ibatis.datasource.pooled.PooledDataSource】Created connection 1054932644.
【DEBUG】【21-10-17】【org.apache.ibatis.transaction.jdbc.JdbcTransaction】Setting autocommit to false on JDBC Connection [com.mysql.cj.jdbc.ConnectionImpl@3ee0fea4]
【DEBUG】【21-10-17】【com.hanzhiwei.dao.TeacherMapper.getTeacher2】==>  Preparing: select s.id sid,s.name sname,t.name tname,t.id tid from student s,teacher t where s.tid=t.id and t.id=?
【DEBUG】【21-10-17】【com.hanzhiwei.dao.TeacherMapper.getTeacher2】==> Parameters: 1(Integer)
【DEBUG】【21-10-17】【org.apache.ibatis.logging.LogFactory】Logging initialized using 'class org.apache.ibatis.logging.log4j.Log4jImpl' adapter.
【DEBUG】【21-10-17】【org.apache.ibatis.logging.LogFactory】Logging initialized using 'class org.apache.ibatis.logging.log4j.Log4jImpl' adapter.
【DEBUG】【21-10-17】【org.apache.ibatis.datasource.pooled.PooledDataSource】PooledDataSource forcefully closed/removed all connections.
【DEBUG】【21-10-17】【org.apache.ibatis.datasource.pooled.PooledDataSource】PooledDataSource forcefully closed/removed all connections.
【DEBUG】【21-10-17】【org.apache.ibatis.datasource.pooled.PooledDataSource】PooledDataSource forcefully closed/removed all connections.
【DEBUG】【21-10-17】【org.apache.ibatis.datasource.pooled.PooledDataSource】PooledDataSource forcefully closed/removed all connections.
【DEBUG】【21-10-17】【org.apache.ibatis.transaction.jdbc.JdbcTransaction】Opening JDBC Connection
【DEBUG】【21-10-17】【org.apache.ibatis.datasource.pooled.PooledDataSource】Created connection 1405747618.
【DEBUG】【21-10-17】【org.apache.ibatis.transaction.jdbc.JdbcTransaction】Setting autocommit to false on JDBC Connection [com.mysql.cj.jdbc.ConnectionImpl@53ca01a2]
【DEBUG】【21-10-17】【com.hanzhiwei.dao.TeacherMapper.getTeacher2】==>  Preparing: select s.id sid,s.name sname,t.name tname,t.id tid from student s,teacher t where s.tid=t.id and t.id=?
【DEBUG】【21-10-17】【com.hanzhiwei.dao.TeacherMapper.getTeacher2】==> Parameters: 1(Integer)
【DEBUG】【21-10-17】【org.apache.ibatis.logging.LogFactory】Logging initialized using 'class org.apache.ibatis.logging.log4j.Log4jImpl' adapter.
【DEBUG】【21-10-17】【org.apache.ibatis.logging.LogFactory】Logging initialized using 'class org.apache.ibatis.logging.log4j.Log4jImpl' adapter.
【DEBUG】【21-10-17】【org.apache.ibatis.datasource.pooled.PooledDataSource】PooledDataSource forcefully closed/removed all connections.
【DEBUG】【21-10-17】【org.apache.ibatis.datasource.pooled.PooledDataSource】PooledDataSource forcefully closed/removed all connections.
【DEBUG】【21-10-17】【org.apache.ibatis.datasource.pooled.PooledDataSource】PooledDataSource forcefully closed/removed all connections.
【DEBUG】【21-10-17】【org.apache.ibatis.datasource.pooled.PooledDataSource】PooledDataSource forcefully closed/removed all connections.
【DEBUG】【21-10-17】【org.apache.ibatis.transaction.jdbc.JdbcTransaction】Opening JDBC Connection
【DEBUG】【21-10-17】【org.apache.ibatis.datasource.pooled.PooledDataSource】Created connection 1405747618.
【DEBUG】【21-10-17】【org.apache.ibatis.transaction.jdbc.JdbcTransaction】Setting autocommit to false on JDBC Connection [com.mysql.cj.jdbc.ConnectionImpl@53ca01a2]
【DEBUG】【21-10-17】【com.hanzhiwei.dao.TeacherMapper.getTeacher2】==>  Preparing: select s.id sid,s.name sname,t.name tname,t.id tid from student s,teacher t where s.tid=t.id and t.id=?
【DEBUG】【21-10-17】【com.hanzhiwei.dao.TeacherMapper.getTeacher2】==> Parameters: 1(Integer)
【DEBUG】【21-10-17】【com.hanzhiwei.dao.TeacherMapper.getTeacher2】<==      Total: 3
【DEBUG】【21-10-17】【org.apache.ibatis.logging.LogFactory】Logging initialized using 'class org.apache.ibatis.logging.log4j.Log4jImpl' adapter.
【DEBUG】【21-10-17】【org.apache.ibatis.logging.LogFactory】Logging initialized using 'class org.apache.ibatis.logging.log4j.Log4jImpl' adapter.
【DEBUG】【21-10-17】【org.apache.ibatis.datasource.pooled.PooledDataSource】PooledDataSource forcefully closed/removed all connections.
【DEBUG】【21-10-17】【org.apache.ibatis.datasource.pooled.PooledDataSource】PooledDataSource forcefully closed/removed all connections.
【DEBUG】【21-10-17】【org.apache.ibatis.datasource.pooled.PooledDataSource】PooledDataSource forcefully closed/removed all connections.
【DEBUG】【21-10-17】【org.apache.ibatis.datasource.pooled.PooledDataSource】PooledDataSource forcefully closed/removed all connections.
【DEBUG】【21-10-17】【org.apache.ibatis.logging.LogFactory】Logging initialized using 'class org.apache.ibatis.logging.log4j.Log4jImpl' adapter.
【DEBUG】【21-10-17】【org.apache.ibatis.logging.LogFactory】Logging initialized using 'class org.apache.ibatis.logging.log4j.Log4jImpl' adapter.
【DEBUG】【21-10-17】【org.apache.ibatis.datasource.pooled.PooledDataSource】PooledDataSource forcefully closed/removed all connections.
【DEBUG】【21-10-17】【org.apache.ibatis.datasource.pooled.PooledDataSource】PooledDataSource forcefully closed/removed all connections.
【DEBUG】【21-10-17】【org.apache.ibatis.datasource.pooled.PooledDataSource】PooledDataSource forcefully closed/removed all connections.
【DEBUG】【21-10-17】【org.apache.ibatis.datasource.pooled.PooledDataSource】PooledDataSource forcefully closed/removed all connections.
【DEBUG】【21-10-17】【org.apache.ibatis.logging.LogFactory】Logging initialized using 'class org.apache.ibatis.logging.log4j.Log4jImpl' adapter.
【DEBUG】【21-10-17】【org.apache.ibatis.logging.LogFactory】Logging initialized using 'class org.apache.ibatis.logging.log4j.Log4jImpl' adapter.
【DEBUG】【21-10-17】【org.apache.ibatis.datasource.pooled.PooledDataSource】PooledDataSource forcefully closed/removed all connections.
【DEBUG】【21-10-17】【org.apache.ibatis.datasource.pooled.PooledDataSource】PooledDataSource forcefully closed/removed all connections.
【DEBUG】【21-10-17】【org.apache.ibatis.datasource.pooled.PooledDataSource】PooledDataSource forcefully closed/removed all connections.
【DEBUG】【21-10-17】【org.apache.ibatis.datasource.pooled.PooledDataSource】PooledDataSource forcefully closed/removed all connections.
【DEBUG】【21-10-17】【org.apache.ibatis.logging.LogFactory】Logging initialized using 'class org.apache.ibatis.logging.log4j.Log4jImpl' adapter.
【DEBUG】【21-10-17】【org.apache.ibatis.logging.LogFactory】Logging initialized using 'class org.apache.ibatis.logging.log4j.Log4jImpl' adapter.
【DEBUG】【21-10-17】【org.apache.ibatis.datasource.pooled.PooledDataSource】PooledDataSource forcefully closed/removed all connections.
【DEBUG】【21-10-17】【org.apache.ibatis.datasource.pooled.PooledDataSource】PooledDataSource forcefully closed/removed all connections.
【DEBUG】【21-10-17】【org.apache.ibatis.datasource.pooled.PooledDataSource】PooledDataSource forcefully closed/removed all connections.
【DEBUG】【21-10-17】【org.apache.ibatis.datasource.pooled.PooledDataSource】PooledDataSource forcefully closed/removed all connections.
【DEBUG】【21-10-17】【org.apache.ibatis.transaction.jdbc.JdbcTransaction】Opening JDBC Connection
【DEBUG】【21-10-17】【org.apache.ibatis.datasource.pooled.PooledDataSource】Created connection 1259769769.
【DEBUG】【21-10-17】【org.apache.ibatis.transaction.jdbc.JdbcTransaction】Setting autocommit to false on JDBC Connection [com.mysql.cj.jdbc.ConnectionImpl@4b168fa9]
【DEBUG】【21-10-17】【com.hanzhiwei.dao.TeacherMapper.getTeacher3】==>  Preparing: select * from teacher where id=?;
【DEBUG】【21-10-17】【com.hanzhiwei.dao.TeacherMapper.getTeacher3】==> Parameters: 1(Integer)
【DEBUG】【21-10-17】【com.hanzhiwei.dao.TeacherMapper.getStudent】====>  Preparing: select * from student where tid=?
【DEBUG】【21-10-17】【com.hanzhiwei.dao.TeacherMapper.getStudent】====> Parameters: 1(Integer)
【DEBUG】【21-10-17】【com.hanzhiwei.dao.TeacherMapper.getStudent】<====      Total: 3
【DEBUG】【21-10-17】【com.hanzhiwei.dao.TeacherMapper.getTeacher3】<==      Total: 1
【DEBUG】【21-10-17】【org.apache.ibatis.logging.LogFactory】Logging initialized using 'class org.apache.ibatis.logging.log4j.Log4jImpl' adapter.
【DEBUG】【21-10-17】【org.apache.ibatis.logging.LogFactory】Logging initialized using 'class org.apache.ibatis.logging.log4j.Log4jImpl' adapter.
【DEBUG】【21-10-17】【org.apache.ibatis.datasource.pooled.PooledDataSource】PooledDataSource forcefully closed/removed all connections.
【DEBUG】【21-10-17】【org.apache.ibatis.datasource.pooled.PooledDataSource】PooledDataSource forcefully closed/removed all connections.
【DEBUG】【21-10-17】【org.apache.ibatis.datasource.pooled.PooledDataSource】PooledDataSource forcefully closed/removed all connections.
【DEBUG】【21-10-17】【org.apache.ibatis.datasource.pooled.PooledDataSource】PooledDataSource forcefully closed/removed all connections.
【DEBUG】【21-10-17】【org.apache.ibatis.logging.LogFactory】Logging initialized using 'class org.apache.ibatis.logging.log4j.Log4jImpl' adapter.
【DEBUG】【21-10-17】【org.apache.ibatis.logging.LogFactory】Logging initialized using 'class org.apache.ibatis.logging.log4j.Log4jImpl' adapter.
【DEBUG】【21-10-17】【org.apache.ibatis.datasource.pooled.PooledDataSource】PooledDataSource forcefully closed/removed all connections.
【DEBUG】【21-10-17】【org.apache.ibatis.datasource.pooled.PooledDataSource】PooledDataSource forcefully closed/removed all connections.
【DEBUG】【21-10-17】【org.apache.ibatis.datasource.pooled.PooledDataSource】PooledDataSource forcefully closed/removed all connections.
【DEBUG】【21-10-17】【org.apache.ibatis.datasource.pooled.PooledDataSource】PooledDataSource forcefully closed/removed all connections.
【DEBUG】【21-10-17】【org.apache.ibatis.transaction.jdbc.JdbcTransaction】Opening JDBC Connection
【DEBUG】【21-10-17】【org.apache.ibatis.datasource.pooled.PooledDataSource】Created connection 1527430292.
【DEBUG】【21-10-17】【org.apache.ibatis.transaction.jdbc.JdbcTransaction】Setting autocommit to false on JDBC Connection [com.mysql.cj.jdbc.ConnectionImpl@5b0abc94]
【DEBUG】【21-10-17】【com.hanzhiwei.dao.BolgMapper.insertBlog】==>  Preparing: insert into mybatis.blog(id,title,author,creat_time,views) values (?,?,?,?,?)
【DEBUG】【21-10-17】【com.hanzhiwei.dao.BolgMapper.insertBlog】==> Parameters: 82252e9bd0a14a7bb06c6705e951ce2b(String), mysql is easy(String), hanhzi(String), 2021-10-17 13:10:30.493(Timestamp), 21(Integer)
【DEBUG】【21-10-17】【org.apache.ibatis.logging.LogFactory】Logging initialized using 'class org.apache.ibatis.logging.log4j.Log4jImpl' adapter.
【DEBUG】【21-10-17】【org.apache.ibatis.logging.LogFactory】Logging initialized using 'class org.apache.ibatis.logging.log4j.Log4jImpl' adapter.
【DEBUG】【21-10-17】【org.apache.ibatis.datasource.pooled.PooledDataSource】PooledDataSource forcefully closed/removed all connections.
【DEBUG】【21-10-17】【org.apache.ibatis.datasource.pooled.PooledDataSource】PooledDataSource forcefully closed/removed all connections.
【DEBUG】【21-10-17】【org.apache.ibatis.datasource.pooled.PooledDataSource】PooledDataSource forcefully closed/removed all connections.
【DEBUG】【21-10-17】【org.apache.ibatis.datasource.pooled.PooledDataSource】PooledDataSource forcefully closed/removed all connections.
【DEBUG】【21-10-17】【org.apache.ibatis.transaction.jdbc.JdbcTransaction】Opening JDBC Connection
【DEBUG】【21-10-17】【org.apache.ibatis.datasource.pooled.PooledDataSource】Created connection 1527430292.
【DEBUG】【21-10-17】【org.apache.ibatis.transaction.jdbc.JdbcTransaction】Setting autocommit to false on JDBC Connection [com.mysql.cj.jdbc.ConnectionImpl@5b0abc94]
【DEBUG】【21-10-17】【com.hanzhiwei.dao.BolgMapper.insertBlog】==>  Preparing: insert into mybatis.blog(id,title,author,creat_time,views) values (?,?,?,?,?)
【DEBUG】【21-10-17】【com.hanzhiwei.dao.BolgMapper.insertBlog】==> Parameters: 9905c2aa16494990b977b9c274b27e26(String), mysql is easy(String), hanhzi(String), 2021-10-17 13:12:07.802(Timestamp), 21(Integer)
【DEBUG】【21-10-17】【org.apache.ibatis.logging.LogFactory】Logging initialized using 'class org.apache.ibatis.logging.log4j.Log4jImpl' adapter.
【DEBUG】【21-10-17】【org.apache.ibatis.logging.LogFactory】Logging initialized using 'class org.apache.ibatis.logging.log4j.Log4jImpl' adapter.
【DEBUG】【21-10-17】【org.apache.ibatis.datasource.pooled.PooledDataSource】PooledDataSource forcefully closed/removed all connections.
【DEBUG】【21-10-17】【org.apache.ibatis.datasource.pooled.PooledDataSource】PooledDataSource forcefully closed/removed all connections.
【DEBUG】【21-10-17】【org.apache.ibatis.datasource.pooled.PooledDataSource】PooledDataSource forcefully closed/removed all connections.
【DEBUG】【21-10-17】【org.apache.ibatis.datasource.pooled.PooledDataSource】PooledDataSource forcefully closed/removed all connections.
【DEBUG】【21-10-17】【org.apache.ibatis.transaction.jdbc.JdbcTransaction】Opening JDBC Connection
【DEBUG】【21-10-17】【org.apache.ibatis.datasource.pooled.PooledDataSource】Created connection 1527430292.
【DEBUG】【21-10-17】【org.apache.ibatis.transaction.jdbc.JdbcTransaction】Setting autocommit to false on JDBC Connection [com.mysql.cj.jdbc.ConnectionImpl@5b0abc94]
【DEBUG】【21-10-17】【com.hanzhiwei.dao.BolgMapper.insertBlog】==>  Preparing: insert into mybatis.blog(id,title,author,creat_time,views) values (?,?,?,?,?)
【DEBUG】【21-10-17】【com.hanzhiwei.dao.BolgMapper.insertBlog】==> Parameters: c66d97b309594efdb0d1a1106dc90780(String), mysql is easy(String), hanhzi(String), 2021-10-17 13:14:39.921(Timestamp), 21(Integer)
【DEBUG】【21-10-17】【org.apache.ibatis.logging.LogFactory】Logging initialized using 'class org.apache.ibatis.logging.log4j.Log4jImpl' adapter.
【DEBUG】【21-10-17】【org.apache.ibatis.logging.LogFactory】Logging initialized using 'class org.apache.ibatis.logging.log4j.Log4jImpl' adapter.
【DEBUG】【21-10-17】【org.apache.ibatis.datasource.pooled.PooledDataSource】PooledDataSource forcefully closed/removed all connections.
【DEBUG】【21-10-17】【org.apache.ibatis.datasource.pooled.PooledDataSource】PooledDataSource forcefully closed/removed all connections.
【DEBUG】【21-10-17】【org.apache.ibatis.datasource.pooled.PooledDataSource】PooledDataSource forcefully closed/removed all connections.
【DEBUG】【21-10-17】【org.apache.ibatis.datasource.pooled.PooledDataSource】PooledDataSource forcefully closed/removed all connections.
【DEBUG】【21-10-17】【org.apache.ibatis.transaction.jdbc.JdbcTransaction】Opening JDBC Connection
【DEBUG】【21-10-17】【org.apache.ibatis.datasource.pooled.PooledDataSource】Created connection 726950788.
【DEBUG】【21-10-17】【org.apache.ibatis.transaction.jdbc.JdbcTransaction】Setting autocommit to false on JDBC Connection [com.mysql.cj.jdbc.ConnectionImpl@2b546384]
【DEBUG】【21-10-17】【com.hanzhiwei.dao.BolgMapper.insertBlog】==>  Preparing: insert into mybatis.blog(id,title,author,create_time,views) values (?,?,?,?,?)
【DEBUG】【21-10-17】【com.hanzhiwei.dao.BolgMapper.insertBlog】==> Parameters: 7e9b6bb3e5c24885911269ec41e09802(String), mysql is easy(String), hanhzi(String), 2021-10-17 13:19:09.915(Timestamp), 21(Integer)
【DEBUG】【21-10-17】【com.hanzhiwei.dao.BolgMapper.insertBlog】<==    Updates: 1
【DEBUG】【21-10-17】【org.apache.ibatis.transaction.jdbc.JdbcTransaction】Committing JDBC Connection [com.mysql.cj.jdbc.ConnectionImpl@2b546384]
【DEBUG】【21-10-17】【org.apache.ibatis.transaction.jdbc.JdbcTransaction】Resetting autocommit to true on JDBC Connection [com.mysql.cj.jdbc.ConnectionImpl@2b546384]
【DEBUG】【21-10-17】【org.apache.ibatis.transaction.jdbc.JdbcTransaction】Closing JDBC Connection [com.mysql.cj.jdbc.ConnectionImpl@2b546384]
【DEBUG】【21-10-17】【org.apache.ibatis.datasource.pooled.PooledDataSource】Returned connection 726950788 to pool.
【DEBUG】【21-10-17】【org.apache.ibatis.logging.LogFactory】Logging initialized using 'class org.apache.ibatis.logging.log4j.Log4jImpl' adapter.
【DEBUG】【21-10-17】【org.apache.ibatis.logging.LogFactory】Logging initialized using 'class org.apache.ibatis.logging.log4j.Log4jImpl' adapter.
【DEBUG】【21-10-17】【org.apache.ibatis.datasource.pooled.PooledDataSource】PooledDataSource forcefully closed/removed all connections.
【DEBUG】【21-10-17】【org.apache.ibatis.datasource.pooled.PooledDataSource】PooledDataSource forcefully closed/removed all connections.
【DEBUG】【21-10-17】【org.apache.ibatis.datasource.pooled.PooledDataSource】PooledDataSource forcefully closed/removed all connections.
【DEBUG】【21-10-17】【org.apache.ibatis.datasource.pooled.PooledDataSource】PooledDataSource forcefully closed/removed all connections.
【DEBUG】【21-10-17】【org.apache.ibatis.transaction.jdbc.JdbcTransaction】Opening JDBC Connection
【DEBUG】【21-10-17】【org.apache.ibatis.datasource.pooled.PooledDataSource】Created connection 550752602.
【DEBUG】【21-10-17】【org.apache.ibatis.transaction.jdbc.JdbcTransaction】Setting autocommit to false on JDBC Connection [com.mysql.cj.jdbc.ConnectionImpl@20d3d15a]
【DEBUG】【21-10-17】【com.hanzhiwei.dao.BolgMapper.insertBlog】==>  Preparing: insert into mybatis.blog(id,title,author,create_time,views) values (?,?,?,?,?)
【DEBUG】【21-10-17】【com.hanzhiwei.dao.BolgMapper.insertBlog】==> Parameters: ace94fe2241448e9a75f10e9bc2c0247(String), mysql is easy(String), hanhzi(String), 2021-10-17 13:35:27.367(Timestamp), 21(Integer)
【DEBUG】【21-10-17】【com.hanzhiwei.dao.BolgMapper.insertBlog】<==    Updates: 1
【DEBUG】【21-10-17】【com.hanzhiwei.dao.BolgMapper.insertBlog】==>  Preparing: insert into mybatis.blog(id,title,author,create_time,views) values (?,?,?,?,?)
【DEBUG】【21-10-17】【com.hanzhiwei.dao.BolgMapper.insertBlog】==> Parameters: ace94fe2241448e9a75f10e9bc2c0247(String), apache(String), hanhzi(String), 2021-10-17 13:35:27.367(Timestamp), 20(Integer)
【DEBUG】【21-10-17】【com.hanzhiwei.dao.BolgMapper.insertBlog】<==    Updates: 1
【DEBUG】【21-10-17】【com.hanzhiwei.dao.BolgMapper.insertBlog】==>  Preparing: insert into mybatis.blog(id,title,author,create_time,views) values (?,?,?,?,?)
【DEBUG】【21-10-17】【com.hanzhiwei.dao.BolgMapper.insertBlog】==> Parameters: ace94fe2241448e9a75f10e9bc2c0247(String), maven(String), hanhzi(String), 2021-10-17 13:35:27.367(Timestamp), 19(Integer)
【DEBUG】【21-10-17】【com.hanzhiwei.dao.BolgMapper.insertBlog】<==    Updates: 1
【DEBUG】【21-10-17】【org.apache.ibatis.transaction.jdbc.JdbcTransaction】Committing JDBC Connection [com.mysql.cj.jdbc.ConnectionImpl@20d3d15a]
【DEBUG】【21-10-17】【org.apache.ibatis.transaction.jdbc.JdbcTransaction】Resetting autocommit to true on JDBC Connection [com.mysql.cj.jdbc.ConnectionImpl@20d3d15a]
【DEBUG】【21-10-17】【org.apache.ibatis.transaction.jdbc.JdbcTransaction】Closing JDBC Connection [com.mysql.cj.jdbc.ConnectionImpl@20d3d15a]
【DEBUG】【21-10-17】【org.apache.ibatis.datasource.pooled.PooledDataSource】Returned connection 550752602 to pool.
