【DEBUG】【21-10-17】【org.apache.ibatis.logging.LogFactory】Logging initialized using 'class org.apache.ibatis.logging.log4j.Log4jImpl' adapter.
【DEBUG】【21-10-17】【org.apache.ibatis.logging.LogFactory】Logging initialized using 'class org.apache.ibatis.logging.log4j.Log4jImpl' adapter.
【DEBUG】【21-10-17】【org.apache.ibatis.datasource.pooled.PooledDataSource】PooledDataSource forcefully closed/removed all connections.
【DEBUG】【21-10-17】【org.apache.ibatis.datasource.pooled.PooledDataSource】PooledDataSource forcefully closed/removed all connections.
【DEBUG】【21-10-17】【org.apache.ibatis.datasource.pooled.PooledDataSource】PooledDataSource forcefully closed/removed all connections.
【DEBUG】【21-10-17】【org.apache.ibatis.datasource.pooled.PooledDataSource】PooledDataSource forcefully closed/removed all connections.
【DEBUG】【21-10-17】【org.apache.ibatis.transaction.jdbc.JdbcTransaction】Opening JDBC Connection
【DEBUG】【21-10-17】【org.apache.ibatis.datasource.pooled.PooledDataSource】Created connection 487694075.
【DEBUG】【21-10-17】【org.apache.ibatis.transaction.jdbc.JdbcTransaction】Setting autocommit to false on JDBC Connection [com.mysql.cj.jdbc.ConnectionImpl@1d119efb]
【DEBUG】【21-10-17】【com.hanzhiwei.dao.BolgMapper.queryByIf】==>  Preparing: select * from blog where 1=1
【DEBUG】【21-10-17】【com.hanzhiwei.dao.BolgMapper.queryByIf】==> Parameters: 
【DEBUG】【21-10-17】【com.hanzhiwei.dao.BolgMapper.queryByIf】<==      Total: 4
【DEBUG】【21-10-17】【org.apache.ibatis.logging.LogFactory】Logging initialized using 'class org.apache.ibatis.logging.log4j.Log4jImpl' adapter.
【DEBUG】【21-10-17】【org.apache.ibatis.logging.LogFactory】Logging initialized using 'class org.apache.ibatis.logging.log4j.Log4jImpl' adapter.
【DEBUG】【21-10-17】【org.apache.ibatis.datasource.pooled.PooledDataSource】PooledDataSource forcefully closed/removed all connections.
【DEBUG】【21-10-17】【org.apache.ibatis.datasource.pooled.PooledDataSource】PooledDataSource forcefully closed/removed all connections.
【DEBUG】【21-10-17】【org.apache.ibatis.datasource.pooled.PooledDataSource】PooledDataSource forcefully closed/removed all connections.
【DEBUG】【21-10-17】【org.apache.ibatis.datasource.pooled.PooledDataSource】PooledDataSource forcefully closed/removed all connections.
【DEBUG】【21-10-17】【org.apache.ibatis.transaction.jdbc.JdbcTransaction】Opening JDBC Connection
【DEBUG】【21-10-17】【org.apache.ibatis.datasource.pooled.PooledDataSource】Created connection 487694075.
【DEBUG】【21-10-17】【org.apache.ibatis.transaction.jdbc.JdbcTransaction】Setting autocommit to false on JDBC Connection [com.mysql.cj.jdbc.ConnectionImpl@1d119efb]
【DEBUG】【21-10-17】【com.hanzhiwei.dao.BolgMapper.queryByIf】==>  Preparing: select * from blog where 1=1 and title=?
【DEBUG】【21-10-17】【com.hanzhiwei.dao.BolgMapper.queryByIf】==> Parameters: apache(String)
【DEBUG】【21-10-17】【com.hanzhiwei.dao.BolgMapper.queryByIf】<==      Total: 1
【DEBUG】【21-10-17】【org.apache.ibatis.logging.LogFactory】Logging initialized using 'class org.apache.ibatis.logging.log4j.Log4jImpl' adapter.
【DEBUG】【21-10-17】【org.apache.ibatis.logging.LogFactory】Logging initialized using 'class org.apache.ibatis.logging.log4j.Log4jImpl' adapter.
【DEBUG】【21-10-17】【org.apache.ibatis.datasource.pooled.PooledDataSource】PooledDataSource forcefully closed/removed all connections.
【DEBUG】【21-10-17】【org.apache.ibatis.datasource.pooled.PooledDataSource】PooledDataSource forcefully closed/removed all connections.
【DEBUG】【21-10-17】【org.apache.ibatis.datasource.pooled.PooledDataSource】PooledDataSource forcefully closed/removed all connections.
【DEBUG】【21-10-17】【org.apache.ibatis.datasource.pooled.PooledDataSource】PooledDataSource forcefully closed/removed all connections.
【DEBUG】【21-10-17】【org.apache.ibatis.transaction.jdbc.JdbcTransaction】Opening JDBC Connection
【DEBUG】【21-10-17】【org.apache.ibatis.datasource.pooled.PooledDataSource】Created connection 487694075.
【DEBUG】【21-10-17】【org.apache.ibatis.transaction.jdbc.JdbcTransaction】Setting autocommit to false on JDBC Connection [com.mysql.cj.jdbc.ConnectionImpl@1d119efb]
【DEBUG】【21-10-17】【com.hanzhiwei.dao.BolgMapper.queryByIf】==>  Preparing: select * from blog where 1=1 and author=?
【DEBUG】【21-10-17】【com.hanzhiwei.dao.BolgMapper.queryByIf】==> Parameters: hanhzi(String)
【DEBUG】【21-10-17】【com.hanzhiwei.dao.BolgMapper.queryByIf】<==      Total: 4
【DEBUG】【21-10-17】【org.apache.ibatis.logging.LogFactory】Logging initialized using 'class org.apache.ibatis.logging.log4j.Log4jImpl' adapter.
【DEBUG】【21-10-17】【org.apache.ibatis.logging.LogFactory】Logging initialized using 'class org.apache.ibatis.logging.log4j.Log4jImpl' adapter.
【DEBUG】【21-10-17】【org.apache.ibatis.datasource.pooled.PooledDataSource】PooledDataSource forcefully closed/removed all connections.
【DEBUG】【21-10-17】【org.apache.ibatis.datasource.pooled.PooledDataSource】PooledDataSource forcefully closed/removed all connections.
【DEBUG】【21-10-17】【org.apache.ibatis.datasource.pooled.PooledDataSource】PooledDataSource forcefully closed/removed all connections.
【DEBUG】【21-10-17】【org.apache.ibatis.datasource.pooled.PooledDataSource】PooledDataSource forcefully closed/removed all connections.
【DEBUG】【21-10-17】【org.apache.ibatis.transaction.jdbc.JdbcTransaction】Opening JDBC Connection
【DEBUG】【21-10-17】【org.apache.ibatis.datasource.pooled.PooledDataSource】Created connection 1990160809.
【DEBUG】【21-10-17】【org.apache.ibatis.transaction.jdbc.JdbcTransaction】Setting autocommit to false on JDBC Connection [com.mysql.cj.jdbc.ConnectionImpl@769f71a9]
【DEBUG】【21-10-17】【com.hanzhiwei.dao.BolgMapper.queryBywhere】==>  Preparing: select * from blog WHERE author=?
【DEBUG】【21-10-17】【com.hanzhiwei.dao.BolgMapper.queryBywhere】==> Parameters: hanhzi(String)
【DEBUG】【21-10-17】【com.hanzhiwei.dao.BolgMapper.queryBywhere】<==      Total: 4
【DEBUG】【21-10-17】【org.apache.ibatis.logging.LogFactory】Logging initialized using 'class org.apache.ibatis.logging.log4j.Log4jImpl' adapter.
【DEBUG】【21-10-17】【org.apache.ibatis.logging.LogFactory】Logging initialized using 'class org.apache.ibatis.logging.log4j.Log4jImpl' adapter.
【DEBUG】【21-10-17】【org.apache.ibatis.datasource.pooled.PooledDataSource】PooledDataSource forcefully closed/removed all connections.
【DEBUG】【21-10-17】【org.apache.ibatis.datasource.pooled.PooledDataSource】PooledDataSource forcefully closed/removed all connections.
【DEBUG】【21-10-17】【org.apache.ibatis.datasource.pooled.PooledDataSource】PooledDataSource forcefully closed/removed all connections.
【DEBUG】【21-10-17】【org.apache.ibatis.datasource.pooled.PooledDataSource】PooledDataSource forcefully closed/removed all connections.
【DEBUG】【21-10-17】【org.apache.ibatis.transaction.jdbc.JdbcTransaction】Opening JDBC Connection
【DEBUG】【21-10-17】【org.apache.ibatis.datasource.pooled.PooledDataSource】Created connection 1990160809.
【DEBUG】【21-10-17】【org.apache.ibatis.transaction.jdbc.JdbcTransaction】Setting autocommit to false on JDBC Connection [com.mysql.cj.jdbc.ConnectionImpl@769f71a9]
【DEBUG】【21-10-17】【com.hanzhiwei.dao.BolgMapper.queryBywhere】==>  Preparing: select * from blog WHERE title=?
【DEBUG】【21-10-17】【com.hanzhiwei.dao.BolgMapper.queryBywhere】==> Parameters: apache(String)
【DEBUG】【21-10-17】【com.hanzhiwei.dao.BolgMapper.queryBywhere】<==      Total: 1
【DEBUG】【21-10-17】【org.apache.ibatis.logging.LogFactory】Logging initialized using 'class org.apache.ibatis.logging.log4j.Log4jImpl' adapter.
【DEBUG】【21-10-17】【org.apache.ibatis.logging.LogFactory】Logging initialized using 'class org.apache.ibatis.logging.log4j.Log4jImpl' adapter.
【DEBUG】【21-10-17】【org.apache.ibatis.datasource.pooled.PooledDataSource】PooledDataSource forcefully closed/removed all connections.
【DEBUG】【21-10-17】【org.apache.ibatis.datasource.pooled.PooledDataSource】PooledDataSource forcefully closed/removed all connections.
【DEBUG】【21-10-17】【org.apache.ibatis.datasource.pooled.PooledDataSource】PooledDataSource forcefully closed/removed all connections.
【DEBUG】【21-10-17】【org.apache.ibatis.datasource.pooled.PooledDataSource】PooledDataSource forcefully closed/removed all connections.
【DEBUG】【21-10-17】【org.apache.ibatis.transaction.jdbc.JdbcTransaction】Opening JDBC Connection
【DEBUG】【21-10-17】【org.apache.ibatis.datasource.pooled.PooledDataSource】Created connection 77269878.
【DEBUG】【21-10-17】【org.apache.ibatis.transaction.jdbc.JdbcTransaction】Setting autocommit to false on JDBC Connection [com.mysql.cj.jdbc.ConnectionImpl@49b0b76]
【DEBUG】【21-10-17】【com.hanzhiwei.dao.BolgMapper.queryBywhere】==>  Preparing: select * from blog WHERE title=? and author=?
【DEBUG】【21-10-17】【com.hanzhiwei.dao.BolgMapper.queryBywhere】==> Parameters: apache(String), hanhzi(String)
【DEBUG】【21-10-17】【com.hanzhiwei.dao.BolgMapper.queryBywhere】<==      Total: 1
