【DEBUG】【21-10-18】【org.apache.ibatis.logging.LogFactory】Logging initialized using 'class org.apache.ibatis.logging.log4j.Log4jImpl' adapter.
【DEBUG】【21-10-18】【org.apache.ibatis.logging.LogFactory】Logging initialized using 'class org.apache.ibatis.logging.log4j.Log4jImpl' adapter.
【DEBUG】【21-10-18】【org.apache.ibatis.datasource.pooled.PooledDataSource】PooledDataSource forcefully closed/removed all connections.
【DEBUG】【21-10-18】【org.apache.ibatis.datasource.pooled.PooledDataSource】PooledDataSource forcefully closed/removed all connections.
【DEBUG】【21-10-18】【org.apache.ibatis.datasource.pooled.PooledDataSource】PooledDataSource forcefully closed/removed all connections.
【DEBUG】【21-10-18】【org.apache.ibatis.datasource.pooled.PooledDataSource】PooledDataSource forcefully closed/removed all connections.
【DEBUG】【21-10-18】【org.apache.ibatis.logging.LogFactory】Logging initialized using 'class org.apache.ibatis.logging.log4j.Log4jImpl' adapter.
【DEBUG】【21-10-18】【org.apache.ibatis.logging.LogFactory】Logging initialized using 'class org.apache.ibatis.logging.log4j.Log4jImpl' adapter.
【DEBUG】【21-10-18】【org.apache.ibatis.datasource.pooled.PooledDataSource】PooledDataSource forcefully closed/removed all connections.
【DEBUG】【21-10-18】【org.apache.ibatis.datasource.pooled.PooledDataSource】PooledDataSource forcefully closed/removed all connections.
【DEBUG】【21-10-18】【org.apache.ibatis.datasource.pooled.PooledDataSource】PooledDataSource forcefully closed/removed all connections.
【DEBUG】【21-10-18】【org.apache.ibatis.datasource.pooled.PooledDataSource】PooledDataSource forcefully closed/removed all connections.
【DEBUG】【21-10-18】【org.apache.ibatis.transaction.jdbc.JdbcTransaction】Opening JDBC Connection
【DEBUG】【21-10-18】【org.apache.ibatis.datasource.pooled.PooledDataSource】Created connection 22671767.
【DEBUG】【21-10-18】【org.apache.ibatis.transaction.jdbc.JdbcTransaction】Setting autocommit to false on JDBC Connection [com.mysql.cj.jdbc.ConnectionImpl@159f197]
【DEBUG】【21-10-18】【com.hanzhiwei.dao.UserMapper.getUser】==>  Preparing: select * from user where id=?
【DEBUG】【21-10-18】【com.hanzhiwei.dao.UserMapper.getUser】==> Parameters: 1(Integer)
【DEBUG】【21-10-18】【com.hanzhiwei.dao.UserMapper.getUser】<==      Total: 0
【DEBUG】【21-10-18】【org.apache.ibatis.logging.LogFactory】Logging initialized using 'class org.apache.ibatis.logging.log4j.Log4jImpl' adapter.
【DEBUG】【21-10-18】【org.apache.ibatis.logging.LogFactory】Logging initialized using 'class org.apache.ibatis.logging.log4j.Log4jImpl' adapter.
【DEBUG】【21-10-18】【org.apache.ibatis.logging.LogFactory】Logging initialized using 'class org.apache.ibatis.logging.log4j.Log4jImpl' adapter.
【DEBUG】【21-10-18】【org.apache.ibatis.logging.LogFactory】Logging initialized using 'class org.apache.ibatis.logging.log4j.Log4jImpl' adapter.
【DEBUG】【21-10-18】【org.apache.ibatis.logging.LogFactory】Logging initialized using 'class org.apache.ibatis.logging.log4j.Log4jImpl' adapter.
【DEBUG】【21-10-18】【org.apache.ibatis.logging.LogFactory】Logging initialized using 'class org.apache.ibatis.logging.log4j.Log4jImpl' adapter.
【DEBUG】【21-10-18】【org.apache.ibatis.logging.LogFactory】Logging initialized using 'class org.apache.ibatis.logging.log4j.Log4jImpl' adapter.
【DEBUG】【21-10-18】【org.apache.ibatis.logging.LogFactory】Logging initialized using 'class org.apache.ibatis.logging.log4j.Log4jImpl' adapter.
【DEBUG】【21-10-18】【org.apache.ibatis.logging.LogFactory】Logging initialized using 'class org.apache.ibatis.logging.log4j.Log4jImpl' adapter.
【DEBUG】【21-10-18】【org.apache.ibatis.logging.LogFactory】Logging initialized using 'class org.apache.ibatis.logging.log4j.Log4jImpl' adapter.
【DEBUG】【21-10-18】【org.apache.ibatis.logging.LogFactory】Logging initialized using 'class org.apache.ibatis.logging.log4j.Log4jImpl' adapter.
